<?xml version="1.0" encoding="UTF-8" ?>
<testsuite tests="4" failures="0" name="junitreportgeneration.JUnitReportGenerationTest" time="0.023" errors="0" skipped="0">
  <properties>
[...]
</properties>
  <testcase classname="junitreportgeneration.JUnitReportGenerationTest" name="equalToTest" time="0.018"/>
  <testcase classname="junitreportgeneration.JUnitReportGenerationTest" name="instanceOfTest" time="0.002"/>
  <testcase classname="junitreportgeneration.JUnitReportGenerationTest" name="failTest" time="0.001"/>
  <testcase classname="junitreportgeneration.JUnitReportGenerationTest" name="assertTrueTest" time="0.002"/>
</testsuite>